<?xml version="1.0" encoding="UTF-8"?>
<robot generator="Robot 7.2.2 (Python 3.13.2 on win32)" generated="2025-02-18T08:55:30.137523" rpa="true" schemaversion="5">
<suite id="s1" name="Exercicio-18" source="c:\Users\Luciano\Documents\IQS\Teste Automatizado\Exercícios\exercicio-18.robot">
<test id="s1-t1" name="Calcular Porcetagem" line="8">
<kw name="Evaluate" owner="BuiltIn">
<msg time="2025-02-18T08:55:30.195144" level="INFO">${valor_gasto} = 369.46</msg>
<var>${valor_gasto}</var>
<arg>${VALOR_COLOCADO} * ${PRECO_GASOLINA}</arg>
<doc>Evaluates the given expression in Python and returns the result.</doc>
<status status="PASS" start="2025-02-18T08:55:30.194309" elapsed="0.004621"/>
</kw>
<kw name="Evaluate" owner="BuiltIn">
<msg time="2025-02-18T08:55:30.201097" level="INFO">${tanque} = 58.0</msg>
<var>${tanque}</var>
<arg>round(${valor_gasto} / ${PRECO_GASOLINA}, 2)</arg>
<doc>Evaluates the given expression in Python and returns the result.</doc>
<status status="PASS" start="2025-02-18T08:55:30.200009" elapsed="0.001501"/>
</kw>
<kw name="Log To Console" owner="BuiltIn">
<arg>\nO tanque deu: ${tanque}/l de gasolina!</arg>
<doc>Logs the given message to the console.</doc>
<status status="PASS" start="2025-02-18T08:55:30.202356" elapsed="0.001321"/>
</kw>
<status status="PASS" start="2025-02-18T08:55:30.192501" elapsed="0.012097"/>
</test>
<status status="PASS" start="2025-02-18T08:55:30.146489" elapsed="0.065142"/>
</suite>
<statistics>
<total>
<stat pass="1" fail="0" skip="0">All Tasks</stat>
</total>
<tag>
</tag>
<suite>
<stat name="Exercicio-18" id="s1" pass="1" fail="0" skip="0">Exercicio-18</stat>
</suite>
</statistics>
<errors>
</errors>
</robot>
