<?xml version="1.0" encoding="UTF-8"?>
<robot generator="Robot 7.2.2 (Python 3.13.2 on win32)" generated="2025-02-18T08:55:31.856455" rpa="true" schemaversion="5">
<suite id="s1" name="Exercícios" source="C:\Users\Luciano\Documents\IQS\Teste Automatizado\Exercícios">
<suite id="s1-s1" name="Exercicio-18" source="C:\Users\Luciano\Documents\IQS\Teste Automatizado\Exercícios\exercicio-18.robot">
<test id="s1-s1-t1" name="Calcular Porcetagem" line="8">
<kw name="Evaluate" owner="BuiltIn">
<msg time="2025-02-18T08:55:31.894510" level="INFO">${valor_gasto} = 369.46</msg>
<var>${valor_gasto}</var>
<arg>${VALOR_COLOCADO} * ${PRECO_GASOLINA}</arg>
<doc>Evaluates the given expression in Python and returns the result.</doc>
<status status="PASS" start="2025-02-18T08:55:31.893665" elapsed="0.001177"/>
</kw>
<kw name="Evaluate" owner="BuiltIn">
<msg time="2025-02-18T08:55:31.896541" level="INFO">${tanque} = 58.0</msg>
<var>${tanque}</var>
<arg>round(${valor_gasto} / ${PRECO_GASOLINA}, 2)</arg>
<doc>Evaluates the given expression in Python and returns the result.</doc>
<status status="PASS" start="2025-02-18T08:55:31.895525" elapsed="0.001354"/>
</kw>
<kw name="Log To Console" owner="BuiltIn">
<arg>\nO tanque deu: ${tanque}/l de gasolina!</arg>
<doc>Logs the given message to the console.</doc>
<status status="PASS" start="2025-02-18T08:55:31.897662" elapsed="0.001091"/>
</kw>
<status status="PASS" start="2025-02-18T08:55:31.891601" elapsed="0.007619"/>
</test>
<status status="PASS" start="2025-02-18T08:55:31.887364" elapsed="0.013706"/>
</suite>
<status status="PASS" start="2025-02-18T08:55:31.862495" elapsed="0.040597"/>
</suite>
<statistics>
<total>
<stat pass="1" fail="0" skip="0">All Tasks</stat>
</total>
<tag>
</tag>
<suite>
<stat name="Exercícios" id="s1" pass="1" fail="0" skip="0">Exercícios</stat>
<stat name="Exercicio-18" id="s1-s1" pass="1" fail="0" skip="0">Exercícios.Exercicio-18</stat>
</suite>
</statistics>
<errors>
</errors>
</robot>
